# JRE version: Java(TM) SE Runtime Environment (8.0_201-b09) (build 1.8.0_201-b09)
# Java VM: Java HotSpot(TM) 64-Bit Server VM (25.201-b09 mixed mode windows-amd64 compressed oops)
Heap:
 PSYoungGen      total 272896K, used 39529K [0x00000000d6200000, 0x00000000e8600000, 0x0000000100000000)
  eden space 258560K, 15% used [0x00000000d6200000,0x00000000d889a438,0x00000000e5e80000)
  from space 14336K, 0% used [0x00000000e7800000,0x00000000e7800000,0x00000000e8600000)
  to   space 15872K, 0% used [0x00000000e6700000,0x00000000e6700000,0x00000000e7680000)
 ParOldGen       total 56320K, used 31734K [0x0000000082600000, 0x0000000085d00000, 0x00000000d6200000)
  object space 56320K, 56% used [0x0000000082600000,0x00000000844fd870,0x0000000085d00000)
 Metaspace       used 60175K, capacity 60648K, committed 60888K, reserved 1101824K
  class space    used 7774K, capacity 7922K, committed 7936K, reserved 1048576K
GC Heap History (10 events):
Event: 7.093 GC heap before
{Heap before GC invocations=11 (full 2):
 PSYoungGen      total 214528K, used 10720K [0x00000000d6200000, 0x00000000e8600000, 0x0000000100000000)
  eden space 203776K, 0% used [0x00000000d6200000,0x00000000d6200000,0x00000000e2900000)
  from space 10752K, 99% used [0x00000000e2900000,0x00000000e3378030,0x00000000e3380000)
  to   space 14336K, 0% used [0x00000000e7800000,0x00000000e7800000,0x00000000e8600000)
 ParOldGen       total 56320K, used 13902K [0x0000000082600000, 0x0000000085d00000, 0x00000000d6200000)
  object space 56320K, 24% used [0x0000000082600000,0x0000000083393bc0,0x0000000085d00000)
 Metaspace       used 34809K, capacity 35118K, committed 35416K, reserved 1081344K
  class space    used 4321K, capacity 4396K, committed 4480K, reserved 1048576K
Event: 7.191 GC heap after
Heap after GC invocations=11 (full 2):
 PSYoungGen      total 214528K, used 0K [0x00000000d6200000, 0x00000000e8600000, 0x0000000100000000)
  eden space 203776K, 0% used [0x00000000d6200000,0x00000000d6200000,0x00000000e2900000)
  from space 10752K, 0% used [0x00000000e2900000,0x00000000e2900000,0x00000000e3380000)
  to   space 14336K, 0% used [0x00000000e7800000,0x00000000e7800000,0x00000000e8600000)
 ParOldGen       total 56320K, used 22306K [0x0000000082600000, 0x0000000085d00000, 0x00000000d6200000)
  object space 56320K, 39% used [0x0000000082600000,0x0000000083bc8a88,0x0000000085d00000)
 Metaspace       used 34809K, capacity 35118K, committed 35416K, reserved 1081344K
  class space    used 4321K, capacity 4396K, committed 4480K, reserved 1048576K
}
Event: 8.269 GC heap before
{Heap before GC invocations=12 (full 2):
 PSYoungGen      total 214528K, used 203776K [0x00000000d6200000, 0x00000000e8600000, 0x0000000100000000)
  eden space 203776K, 100% used [0x00000000d6200000,0x00000000e2900000,0x00000000e2900000)
  from space 10752K, 0% used [0x00000000e2900000,0x00000000e2900000,0x00000000e3380000)
  to   space 14336K, 0% used [0x00000000e7800000,0x00000000e7800000,0x00000000e8600000)
 ParOldGen       total 56320K, used 22306K [0x0000000082600000, 0x0000000085d00000, 0x00000000d6200000)
  object space 56320K, 39% used [0x0000000082600000,0x0000000083bc8a88,0x0000000085d00000)
 Metaspace       used 44309K, capacity 44752K, committed 45144K, reserved 1089536K
  class space    used 5625K, capacity 5753K, committed 5760K, reserved 1048576K
Event: 8.277 GC heap after
Heap after GC invocations=12 (full 2):
 PSYoungGen      total 272896K, used 14316K [0x00000000d6200000, 0x00000000e8600000, 0x0000000100000000)
  eden space 258560K, 0% used [0x00000000d6200000,0x00000000d6200000,0x00000000e5e80000)
  from space 14336K, 99% used [0x00000000e7800000,0x00000000e85fb368,0x00000000e8600000)
  to   space 15872K, 0% used [0x00000000e6700000,0x00000000e6700000,0x00000000e7680000)
 ParOldGen       total 56320K, used 22337K [0x0000000082600000, 0x0000000085d00000, 0x00000000d6200000)
  object space 56320K, 39% used [0x0000000082600000,0x0000000083bd05a8,0x0000000085d00000)
 Metaspace       used 44309K, capacity 44752K, committed 45144K, reserved 1089536K
  class space    used 5625K, capacity 5753K, committed 5760K, reserved 1048576K
}
Event: 13.129 GC heap before
{Heap before GC invocations=13 (full 2):
 PSYoungGen      total 272896K, used 272876K [0x00000000d6200000, 0x00000000e8600000, 0x0000000100000000)
  eden space 258560K, 100% used [0x00000000d6200000,0x00000000e5e80000,0x00000000e5e80000)
  from space 14336K, 99% used [0x00000000e7800000,0x00000000e85fb368,0x00000000e8600000)
  to   space 15872K, 0% used [0x00000000e6700000,0x00000000e6700000,0x00000000e7680000)
 ParOldGen       total 56320K, used 22337K [0x0000000082600000, 0x0000000085d00000, 0x00000000d6200000)
  object space 56320K, 39% used [0x0000000082600000,0x0000000083bd05a8,0x0000000085d00000)
 Metaspace       used 55678K, capacity 56128K, committed 56536K, reserved 1097728K
  class space    used 7210K, capacity 7338K, committed 7424K, reserved 1048576K
Event: 13.145 GC heap after
Heap after GC invocations=13 (full 2):
 PSYoungGen      total 274432K, used 15851K [0x00000000d6200000, 0x00000000e8600000, 0x0000000100000000)
  eden space 258560K, 0% used [0x00000000d6200000,0x00000000d6200000,0x00000000e5e80000)
  from space 15872K, 99% used [0x00000000e6700000,0x00000000e767aed0,0x00000000e7680000)
  to   space 14336K, 0% used [0x00000000e7800000,0x00000000e7800000,0x00000000e8600000)
 ParOldGen       total 56320K, used 25305K [0x0000000082600000, 0x0000000085d00000, 0x00000000d6200000)
  object space 56320K, 44% used [0x0000000082600000,0x0000000083eb6710,0x0000000085d00000)
 Metaspace       used 55678K, capacity 56128K, committed 56536K, reserved 1097728K
  class space    used 7210K, capacity 7338K, committed 7424K, reserved 1048576K
}
Event: 14.496 GC heap before
{Heap before GC invocations=14 (full 2):
 PSYoungGen      total 274432K, used 88806K [0x00000000d6200000, 0x00000000e8600000, 0x0000000100000000)
  eden space 258560K, 28% used [0x00000000d6200000,0x00000000da93ecf0,0x00000000e5e80000)
  from space 15872K, 99% used [0x00000000e6700000,0x00000000e767aed0,0x00000000e7680000)
  to   space 14336K, 0% used [0x00000000e7800000,0x00000000e7800000,0x00000000e8600000)
 ParOldGen       total 56320K, used 25305K [0x0000000082600000, 0x0000000085d00000, 0x00000000d6200000)
  object space 56320K, 44% used [0x0000000082600000,0x0000000083eb6710,0x0000000085d00000)
 Metaspace       used 58135K, capacity 58632K, committed 58968K, reserved 1099776K
  class space    used 7550K, capacity 7698K, committed 7808K, reserved 1048576K
Event: 14.502 GC heap after
Heap after GC invocations=14 (full 2):
 PSYoungGen      total 272896K, used 5036K [0x00000000d6200000, 0x00000000e8600000, 0x0000000100000000)
  eden space 258560K, 0% used [0x00000000d6200000,0x00000000d6200000,0x00000000e5e80000)
  from space 14336K, 35% used [0x00000000e7800000,0x00000000e7ceb3f0,0x00000000e8600000)
  to   space 15872K, 0% used [0x00000000e6700000,0x00000000e6700000,0x00000000e7680000)
 ParOldGen       total 56320K, used 32979K [0x0000000082600000, 0x0000000085d00000, 0x00000000d6200000)
  object space 56320K, 58% used [0x0000000082600000,0x0000000084634fa0,0x0000000085d00000)
 Metaspace       used 58135K, capacity 58632K, committed 58968K, reserved 1099776K
  class space    used 7550K, capacity 7698K, committed 7808K, reserved 1048576K
}
Event: 14.502 GC heap before
{Heap before GC invocations=15 (full 3):
 PSYoungGen      total 272896K, used 5036K [0x00000000d6200000, 0x00000000e8600000, 0x0000000100000000)
  eden space 258560K, 0% used [0x00000000d6200000,0x00000000d6200000,0x00000000e5e80000)
  from space 14336K, 35% used [0x00000000e7800000,0x00000000e7ceb3f0,0x00000000e8600000)
  to   space 15872K, 0% used [0x00000000e6700000,0x00000000e6700000,0x00000000e7680000)
 ParOldGen       total 56320K, used 32979K [0x0000000082600000, 0x0000000085d00000, 0x00000000d6200000)
  object space 56320K, 58% used [0x0000000082600000,0x0000000084634fa0,0x0000000085d00000)
 Metaspace       used 58135K, capacity 58632K, committed 58968K, reserved 1099776K
  class space    used 7550K, capacity 7698K, committed 7808K, reserved 1048576K
Event: 14.641 GC heap after
Heap after GC invocations=15 (full 3):
 PSYoungGen      total 272896K, used 0K [0x00000000d6200000, 0x00000000e8600000, 0x0000000100000000)
  eden space 258560K, 0% used [0x00000000d6200000,0x00000000d6200000,0x00000000e5e80000)
  from space 14336K, 0% used [0x00000000e7800000,0x00000000e7800000,0x00000000e8600000)
  to   space 15872K, 0% used [0x00000000e6700000,0x00000000e6700000,0x00000000e7680000)
 ParOldGen       total 56320K, used 31734K [0x0000000082600000, 0x0000000085d00000, 0x00000000d6200000)
  object space 56320K, 56% used [0x0000000082600000,0x00000000844fd870,0x0000000085d00000)
 Metaspace       used 58135K, capacity 58632K, committed 58968K, reserved 1099776K
  class space    used 7550K, capacity 7698K, committed 7808K, reserved 1048576K
}

