# JRE version: Java(TM) SE Runtime Environment (8.0_201-b09) (build 1.8.0_201-b09)
# Java VM: Java HotSpot(TM) 64-Bit Server VM (25.201-b09 mixed mode windows-amd64 compressed oops)
Heap:
 PSYoungGen      total 265216K, used 72442K [0x00000000d6200000, 0x00000000e7700000, 0x0000000100000000)
  eden space 250880K, 28% used [0x00000000d6200000,0x00000000da8be810,0x00000000e5700000)
  from space 14336K, 0% used [0x00000000e5b00000,0x00000000e5b00000,0x00000000e6900000)
  to   space 12800K, 0% used [0x00000000e6a80000,0x00000000e6a80000,0x00000000e7700000)
 ParOldGen       total 82432K, used 33492K [0x0000000082600000, 0x0000000087680000, 0x00000000d6200000)
  object space 82432K, 40% used [0x0000000082600000,0x00000000846b5170,0x0000000087680000)
 Metaspace       used 60758K, capacity 61246K, committed 61848K, reserved 1103872K
  class space    used 7845K, capacity 7987K, committed 8104K, reserved 1048576K
GC Heap History (10 events):
Event: 6.093 GC heap before
{Heap before GC invocations=14 (full 2):
 PSYoungGen      total 199168K, used 561K [0x00000000d6200000, 0x00000000e3e00000, 0x0000000100000000)
  eden space 189440K, 0% used [0x00000000d6200000,0x00000000d6200000,0x00000000e1b00000)
  from space 9728K, 5% used [0x00000000e2500000,0x00000000e258c4f0,0x00000000e2e80000)
  to   space 10240K, 0% used [0x00000000e1b00000,0x00000000e1b00000,0x00000000e2500000)
 ParOldGen       total 53760K, used 20074K [0x0000000082600000, 0x0000000085a80000, 0x00000000d6200000)
  object space 53760K, 37% used [0x0000000082600000,0x000000008399a858,0x0000000085a80000)
 Metaspace       used 34831K, capacity 35230K, committed 35496K, reserved 1081344K
  class space    used 4325K, capacity 4428K, committed 4520K, reserved 1048576K
Event: 6.174 GC heap after
Heap after GC invocations=14 (full 2):
 PSYoungGen      total 199168K, used 0K [0x00000000d6200000, 0x00000000e3e00000, 0x0000000100000000)
  eden space 189440K, 0% used [0x00000000d6200000,0x00000000d6200000,0x00000000e1b00000)
  from space 9728K, 0% used [0x00000000e2500000,0x00000000e2500000,0x00000000e2e80000)
  to   space 10240K, 0% used [0x00000000e1b00000,0x00000000e1b00000,0x00000000e2500000)
 ParOldGen       total 82432K, used 17795K [0x0000000082600000, 0x0000000087680000, 0x00000000d6200000)
  object space 82432K, 21% used [0x0000000082600000,0x0000000083760e40,0x0000000087680000)
 Metaspace       used 34831K, capacity 35230K, committed 35496K, reserved 1081344K
  class space    used 4325K, capacity 4428K, committed 4520K, reserved 1048576K
}
Event: 7.007 GC heap before
{Heap before GC invocations=15 (full 2):
 PSYoungGen      total 199168K, used 189440K [0x00000000d6200000, 0x00000000e3e00000, 0x0000000100000000)
  eden space 189440K, 100% used [0x00000000d6200000,0x00000000e1b00000,0x00000000e1b00000)
  from space 9728K, 0% used [0x00000000e2500000,0x00000000e2500000,0x00000000e2e80000)
  to   space 10240K, 0% used [0x00000000e1b00000,0x00000000e1b00000,0x00000000e2500000)
 ParOldGen       total 82432K, used 17795K [0x0000000082600000, 0x0000000087680000, 0x00000000d6200000)
  object space 82432K, 21% used [0x0000000082600000,0x0000000083760e40,0x0000000087680000)
 Metaspace       used 43538K, capacity 43968K, committed 44328K, reserved 1087488K
  class space    used 5535K, capacity 5657K, committed 5672K, reserved 1048576K
Event: 7.018 GC heap after
Heap after GC invocations=15 (full 2):
 PSYoungGen      total 199680K, used 10236K [0x00000000d6200000, 0x00000000e7700000, 0x0000000100000000)
  eden space 189440K, 0% used [0x00000000d6200000,0x00000000d6200000,0x00000000e1b00000)
  from space 10240K, 99% used [0x00000000e1b00000,0x00000000e24ff3f8,0x00000000e2500000)
  to   space 12800K, 0% used [0x00000000e6a80000,0x00000000e6a80000,0x00000000e7700000)
 ParOldGen       total 82432K, used 20889K [0x0000000082600000, 0x0000000087680000, 0x00000000d6200000)
  object space 82432K, 25% used [0x0000000082600000,0x0000000083a664a0,0x0000000087680000)
 Metaspace       used 43538K, capacity 43968K, committed 44328K, reserved 1087488K
  class space    used 5535K, capacity 5657K, committed 5672K, reserved 1048576K
}
Event: 10.564 GC heap before
{Heap before GC invocations=16 (full 2):
 PSYoungGen      total 199680K, used 199676K [0x00000000d6200000, 0x00000000e7700000, 0x0000000100000000)
  eden space 189440K, 100% used [0x00000000d6200000,0x00000000e1b00000,0x00000000e1b00000)
  from space 10240K, 99% used [0x00000000e1b00000,0x00000000e24ff3f8,0x00000000e2500000)
  to   space 12800K, 0% used [0x00000000e6a80000,0x00000000e6a80000,0x00000000e7700000)
 ParOldGen       total 82432K, used 20889K [0x0000000082600000, 0x0000000087680000, 0x00000000d6200000)
  object space 82432K, 25% used [0x0000000082600000,0x0000000083a664a0,0x0000000087680000)
 Metaspace       used 51756K, capacity 52230K, committed 52648K, reserved 1095680K
  class space    used 6694K, capacity 6810K, committed 6824K, reserved 1048576K
Event: 10.576 GC heap after
Heap after GC invocations=16 (full 2):
 PSYoungGen      total 263680K, used 12365K [0x00000000d6200000, 0x00000000e7700000, 0x0000000100000000)
  eden space 250880K, 0% used [0x00000000d6200000,0x00000000d6200000,0x00000000e5700000)
  from space 12800K, 96% used [0x00000000e6a80000,0x00000000e7693400,0x00000000e7700000)
  to   space 14336K, 0% used [0x00000000e5b00000,0x00000000e5b00000,0x00000000e6900000)
 ParOldGen       total 82432K, used 23009K [0x0000000082600000, 0x0000000087680000, 0x00000000d6200000)
  object space 82432K, 27% used [0x0000000082600000,0x0000000083c78500,0x0000000087680000)
 Metaspace       used 51756K, capacity 52230K, committed 52648K, reserved 1095680K
  class space    used 6694K, capacity 6810K, committed 6824K, reserved 1048576K
}
Event: 12.860 GC heap before
{Heap before GC invocations=17 (full 2):
 PSYoungGen      total 263680K, used 155004K [0x00000000d6200000, 0x00000000e7700000, 0x0000000100000000)
  eden space 250880K, 56% used [0x00000000d6200000,0x00000000ded4bf98,0x00000000e5700000)
  from space 12800K, 96% used [0x00000000e6a80000,0x00000000e7693400,0x00000000e7700000)
  to   space 14336K, 0% used [0x00000000e5b00000,0x00000000e5b00000,0x00000000e6900000)
 ParOldGen       total 82432K, used 23009K [0x0000000082600000, 0x0000000087680000, 0x00000000d6200000)
  object space 82432K, 27% used [0x0000000082600000,0x0000000083c78500,0x0000000087680000)
 Metaspace       used 58190K, capacity 58712K, committed 59160K, reserved 1101824K
  class space    used 7559K, capacity 7698K, committed 7720K, reserved 1048576K
Event: 12.869 GC heap after
Heap after GC invocations=17 (full 2):
 PSYoungGen      total 265216K, used 10230K [0x00000000d6200000, 0x00000000e7700000, 0x0000000100000000)
  eden space 250880K, 0% used [0x00000000d6200000,0x00000000d6200000,0x00000000e5700000)
  from space 14336K, 71% used [0x00000000e5b00000,0x00000000e64fd858,0x00000000e6900000)
  to   space 12800K, 0% used [0x00000000e6a80000,0x00000000e6a80000,0x00000000e7700000)
 ParOldGen       total 82432K, used 27651K [0x0000000082600000, 0x0000000087680000, 0x00000000d6200000)
  object space 82432K, 33% used [0x0000000082600000,0x0000000084100d30,0x0000000087680000)
 Metaspace       used 58190K, capacity 58712K, committed 59160K, reserved 1101824K
  class space    used 7559K, capacity 7698K, committed 7720K, reserved 1048576K
}
Event: 12.869 GC heap before
{Heap before GC invocations=18 (full 3):
 PSYoungGen      total 265216K, used 10230K [0x00000000d6200000, 0x00000000e7700000, 0x0000000100000000)
  eden space 250880K, 0% used [0x00000000d6200000,0x00000000d6200000,0x00000000e5700000)
  from space 14336K, 71% used [0x00000000e5b00000,0x00000000e64fd858,0x00000000e6900000)
  to   space 12800K, 0% used [0x00000000e6a80000,0x00000000e6a80000,0x00000000e7700000)
 ParOldGen       total 82432K, used 27651K [0x0000000082600000, 0x0000000087680000, 0x00000000d6200000)
  object space 82432K, 33% used [0x0000000082600000,0x0000000084100d30,0x0000000087680000)
 Metaspace       used 58190K, capacity 58712K, committed 59160K, reserved 1101824K
  class space    used 7559K, capacity 7698K, committed 7720K, reserved 1048576K
Event: 13.098 GC heap after
Heap after GC invocations=18 (full 3):
 PSYoungGen      total 265216K, used 0K [0x00000000d6200000, 0x00000000e7700000, 0x0000000100000000)
  eden space 250880K, 0% used [0x00000000d6200000,0x00000000d6200000,0x00000000e5700000)
  from space 14336K, 0% used [0x00000000e5b00000,0x00000000e5b00000,0x00000000e6900000)
  to   space 12800K, 0% used [0x00000000e6a80000,0x00000000e6a80000,0x00000000e7700000)
 ParOldGen       total 82432K, used 33492K [0x0000000082600000, 0x0000000087680000, 0x00000000d6200000)
  object space 82432K, 40% used [0x0000000082600000,0x00000000846b5170,0x0000000087680000)
 Metaspace       used 58190K, capacity 58712K, committed 59160K, reserved 1101824K
  class space    used 7559K, capacity 7698K, committed 7720K, reserved 1048576K
}

